<?xml version="1.0" encoding="UTF-8"?>
<!-- Generated by org.testng.reporters.JUnitXMLReporter -->
<testsuite ignored="1" hostname="LAPTOP-P6ESQ0G5" failures="2" tests="4" name="Editprofile" time="15.147" errors="0" timestamp="2023-06-28T12:58:40 IST">
  <testcase classname="Testng.selenium1.guru" name="login" time="0.001">
    <failure type="java.lang.NullPointerException" message="Cannot invoke &amp;quot;org.openqa.selenium.WebDriver.findElement(org.openqa.selenium.By)&amp;quot; because &amp;quot;this.d&amp;quot; is null">
      <![CDATA[java.lang.NullPointerException: Cannot invoke "org.openqa.selenium.WebDriver.findElement(org.openqa.selenium.By)" because "this.d" is null
at Testng.selenium1.guru.login(guru.java:25)
at java.base/java.util.ArrayList.forEach(ArrayList.java:1511)
... Removed 27 stack frames]]>
    </failure>
  </testcase> <!-- login -->
  <testcase classname="Testng.selenium1.guru" name="naviagteedit" time="0.001">
    <failure type="java.lang.NullPointerException" message="Cannot invoke &amp;quot;org.openqa.selenium.WebDriver.findElement(org.openqa.selenium.By)&amp;quot; because &amp;quot;this.d&amp;quot; is null">
      <![CDATA[java.lang.NullPointerException: Cannot invoke "org.openqa.selenium.WebDriver.findElement(org.openqa.selenium.By)" because "this.d" is null
at Testng.selenium1.guru.naviagteedit(guru.java:38)
at java.base/java.util.ArrayList.forEach(ArrayList.java:1511)
... Removed 27 stack frames]]>
    </failure>
  </testcase> <!-- naviagteedit -->
  <testcase classname="Testng.selenium1.guru" name="opening_browser" time="12.812"/>
  <testcase classname="Testng.selenium1.guru" name="verifylogin" time="2.321"/>
  <testcase classname="Testng.selenium1.guru" name="verifyedit" time="0.0">
    <ignored/>
  </testcase> <!-- verifyedit -->
</testsuite> <!-- Editprofile -->
