<?xml version="1.0" encoding="UTF-8"?>
<!-- Generated by org.testng.reporters.JUnitXMLReporter -->
<testsuite ignored="2" hostname="LAPTOP-P6ESQ0G5" failures="0" tests="3" name="gurulognin" time="19.864" errors="0" timestamp="2023-06-28T12:58:24 IST">
  <testcase classname="Testng.selenium1.guru" name="opening_browser" time="12.013"/>
  <testcase classname="Testng.selenium1.guru" name="login" time="7.768"/>
  <testcase classname="Testng.selenium1.guru" name="verifylogin" time="0.012"/>
  <testcase classname="Testng.selenium1.guru" name="naviagteedit" time="0.0">
    <ignored/>
  </testcase> <!-- naviagteedit -->
  <testcase classname="Testng.selenium1.guru" name="verifyedit" time="0.0">
    <ignored/>
  </testcase> <!-- verifyedit -->
</testsuite> <!-- gurulognin -->
