<?xml version="1.0" encoding="UTF-8"?>
<!-- Generated by org.testng.reporters.JUnitXMLReporter -->
<testsuite ignored="1" hostname="LAPTOP-P6ESQ0G5" failures="1" tests="3" name="Test" time="0.108" errors="0" timestamp="2023-07-05T11:46:51 IST">
  <testcase classname="test.day3" name="TC1" time="0.011"/>
  <testcase classname="test.day3" name="TC2" time="0.015">
    <failure type="java.lang.AssertionError" message="expected [true] but found [false]">
      <![CDATA[java.lang.AssertionError: expected [true] but found [false]
at test.day3.TC2(day3.java:20)
at java.base/java.util.ArrayList.forEach(ArrayList.java:1511)
... Removed 35 stack frames]]>
    </failure>
  </testcase> <!-- TC2 -->
  <testcase classname="test.day3" name="TC4" time="0.0">
    <skipped/>
  </testcase> <!-- TC4 -->
  <testcase classname="test.day3" name="TC3" time="0.0">
    <ignored/>
  </testcase> <!-- TC3 -->
</testsuite> <!-- Test -->
