<?xml version="1.0" encoding="UTF-8"?>
<testng-results ignored="0" total="7" passed="6" failed="1" skipped="0">
  <reporter-output>
  </reporter-output>
  <suite started-at="2023-07-07T15:16:45 IST" name="Default suite" finished-at="2023-07-07T15:16:51 IST" duration-ms="5246">
    <groups>
    </groups>
    <test started-at="2023-07-07T15:16:45 IST" name="Default test" finished-at="2023-07-07T15:16:51 IST" duration-ms="5246">
      <class name="test.day5">
        <test-method signature="A()[pri:0, instance:test.day5@342c38f8]" started-at="2023-07-07T15:16:45 IST" name="A" finished-at="2023-07-07T15:16:50 IST" duration-ms="5045" status="FAIL">
          <exception class="org.testng.internal.thread.ThreadTimeoutException">
            <message>
              <![CDATA[Method test.day5.A() didn't finish within the time-out 5000]]>
            </message>
            <full-stacktrace>
              <![CDATA[org.testng.internal.thread.ThreadTimeoutException: Method test.day5.A() didn't finish within the time-out 5000
at org.testng.internal.invokers.MethodInvocationHelper.invokeWithTimeoutWithNewExecutor(MethodInvocationHelper.java:391)
at org.testng.internal.invokers.MethodInvocationHelper.invokeWithTimeout(MethodInvocationHelper.java:303)
at org.testng.internal.invokers.TestInvoker.invokeMethod(TestInvoker.java:686)
at org.testng.internal.invokers.TestInvoker.invokeTestMethod(TestInvoker.java:221)
at org.testng.internal.invokers.MethodRunner.runInSequence(MethodRunner.java:50)
at org.testng.internal.invokers.TestInvoker$MethodInvocationAgent.invoke(TestInvoker.java:969)
at org.testng.internal.invokers.TestInvoker.invokeTestMethods(TestInvoker.java:194)
at org.testng.internal.invokers.TestMethodWorker.invokeTestMethods(TestMethodWorker.java:148)
at org.testng.internal.invokers.TestMethodWorker.run(TestMethodWorker.java:128)
at java.base/java.util.ArrayList.forEach(ArrayList.java:1511)
at org.testng.TestRunner.privateRun(TestRunner.java:829)
at org.testng.TestRunner.run(TestRunner.java:602)
at org.testng.SuiteRunner.runTest(SuiteRunner.java:437)
at org.testng.SuiteRunner.runSequentially(SuiteRunner.java:431)
at org.testng.SuiteRunner.privateRun(SuiteRunner.java:391)
at org.testng.SuiteRunner.run(SuiteRunner.java:330)
at org.testng.SuiteRunnerWorker.runSuite(SuiteRunnerWorker.java:52)
at org.testng.SuiteRunnerWorker.run(SuiteRunnerWorker.java:95)
at org.testng.TestNG.runSuitesSequentially(TestNG.java:1256)
at org.testng.TestNG.runSuitesLocally(TestNG.java:1176)
at org.testng.TestNG.runSuites(TestNG.java:1099)
at org.testng.TestNG.run(TestNG.java:1067)
at org.testng.remote.AbstractRemoteTestNG.run(AbstractRemoteTestNG.java:115)
at org.testng.remote.RemoteTestNG.initAndRun(RemoteTestNG.java:251)
at org.testng.remote.RemoteTestNG.main(RemoteTestNG.java:77)
]]>
            </full-stacktrace>
          </exception> <!-- org.testng.internal.thread.ThreadTimeoutException -->
          <reporter-output>
          </reporter-output>
        </test-method> <!-- A -->
        <test-method signature="B()[pri:0, instance:test.day5@342c38f8]" started-at="2023-07-07T15:16:50 IST" name="B" finished-at="2023-07-07T15:16:50 IST" duration-ms="3" status="PASS">
          <reporter-output>
          </reporter-output>
        </test-method> <!-- B -->
        <test-method signature="B()[pri:0, instance:test.day5@342c38f8]" started-at="2023-07-07T15:16:51 IST" name="B" finished-at="2023-07-07T15:16:51 IST" duration-ms="3" status="PASS">
          <reporter-output>
          </reporter-output>
        </test-method> <!-- B -->
        <test-method signature="B()[pri:0, instance:test.day5@342c38f8]" started-at="2023-07-07T15:16:51 IST" name="B" finished-at="2023-07-07T15:16:51 IST" duration-ms="4" status="PASS">
          <reporter-output>
          </reporter-output>
        </test-method> <!-- B -->
        <test-method signature="B()[pri:0, instance:test.day5@342c38f8]" started-at="2023-07-07T15:16:51 IST" name="B" finished-at="2023-07-07T15:16:51 IST" duration-ms="6" status="PASS">
          <reporter-output>
          </reporter-output>
        </test-method> <!-- B -->
        <test-method signature="B()[pri:0, instance:test.day5@342c38f8]" started-at="2023-07-07T15:16:51 IST" name="B" finished-at="2023-07-07T15:16:51 IST" duration-ms="3" status="PASS">
          <reporter-output>
          </reporter-output>
        </test-method> <!-- B -->
        <test-method signature="C()[pri:0, instance:test.day5@342c38f8]" started-at="2023-07-07T15:16:51 IST" name="C" finished-at="2023-07-07T15:16:51 IST" depends-on-methods="test.day5.A" duration-ms="3" status="PASS">
          <reporter-output>
          </reporter-output>
        </test-method> <!-- C -->
      </class> <!-- test.day5 -->
    </test> <!-- Default test -->
  </suite> <!-- Default suite -->
</testng-results>
